<?xml version="1.0" encoding="UTF-8"?>
<!-- Generated by org.testng.reporters.JUnitReportReporter -->
<testsuite hostname="DESKTOP-I7QHUC2" failures="0" tests="2" name="com.automation.testscripts.LoginTest" time="25.665" errors="0" timestamp="21 Jul 2020 08:45:32 GMT" skipped="0">
  <testcase classname="com.automation.testscripts.LoginTest" name="loginApp" time="13.294"/>
  <testcase classname="com.automation.testscripts.LoginTest" name="loginApp1" time="12.371"/>
</testsuite> <!-- com.automation.testscripts.LoginTest -->
